<?xml version="1.0" encoding="UTF-8"?>
<testng-results skipped="0" failed="1" ignored="0" total="1" passed="0">
  <reporter-output>
  </reporter-output>
  <suite name="Suite" duration-ms="15277" started-at="2019-04-16T17:25:00Z" finished-at="2019-04-16T17:25:16Z">
    <groups>
    </groups>
    <test name="Login guru on Chrome" duration-ms="15277" started-at="2019-04-16T17:25:00Z" finished-at="2019-04-16T17:25:16Z">
      <class name="com.becow.testcases.UploadProductScripts">
        <test-method status="PASS" signature="beforeClass(java.lang.String, java.lang.String, java.lang.String)[pri:0, instance:com.becow.testcases.UploadProductScripts@6a4f787b]" name="beforeClass" is-config="true" duration-ms="11739" started-at="2019-04-16T17:25:00Z" finished-at="2019-04-16T17:25:12Z">
          <params>
            <param index="0">
              <value>
                <![CDATA[chrome]]>
              </value>
            </param>
            <param index="1">
              <value>
                <![CDATA[2.46]]>
              </value>
            </param>
            <param index="2">
              <value>
                <![CDATA[https://www.beecow.com/market]]>
              </value>
            </param>
          </params>
          <reporter-output>
          </reporter-output>
        </test-method> <!-- beforeClass -->
        <test-method status="PASS" signature="beforeMethod()[pri:0, instance:com.becow.testcases.UploadProductScripts@6a4f787b]" name="beforeMethod" is-config="true" duration-ms="2263" started-at="2019-04-16T17:25:12Z" finished-at="2019-04-16T17:25:14Z">
          <reporter-output>
          </reporter-output>
        </test-method> <!-- beforeMethod -->
        <test-method status="FAIL" signature="TC_011()[pri:0, instance:com.becow.testcases.UploadProductScripts@6a4f787b]" name="TC_011" duration-ms="537" started-at="2019-04-16T17:25:14Z" finished-at="2019-04-16T17:25:15Z">
          <exception class="java.lang.AssertionError">
            <message>
              <![CDATA[expected [Hãy chọn danh mục.] but found [//label[contains(@beetranslate,'category')]/span]]]>
            </message>
            <full-stacktrace>
              <![CDATA[java.lang.AssertionError: expected [Hãy chọn danh mục.] but found [//label[contains(@beetranslate,'category')]/span]
at org.testng.Assert.fail(Assert.java:96)
at org.testng.Assert.failNotEquals(Assert.java:776)
at org.testng.Assert.assertEqualsImpl(Assert.java:137)
at org.testng.Assert.assertEquals(Assert.java:118)
at org.testng.Assert.assertEquals(Assert.java:453)
at org.testng.Assert.assertEquals(Assert.java:463)
at CommonPage.CommonTestCase.verifyEqual(CommonTestCase.java:43)
at com.becow.testcases.UploadProductScripts.TC_011(UploadProductScripts.java:102)
at sun.reflect.NativeMethodAccessorImpl.invoke0(Native Method)
at sun.reflect.NativeMethodAccessorImpl.invoke(Unknown Source)
at sun.reflect.DelegatingMethodAccessorImpl.invoke(Unknown Source)
at java.lang.reflect.Method.invoke(Unknown Source)
at org.testng.internal.MethodInvocationHelper.invokeMethod(MethodInvocationHelper.java:124)
at org.testng.internal.Invoker.invokeMethod(Invoker.java:580)
at org.testng.internal.Invoker.invokeTestMethod(Invoker.java:716)
at org.testng.internal.Invoker.invokeTestMethods(Invoker.java:988)
at org.testng.internal.TestMethodWorker.invokeTestMethods(TestMethodWorker.java:125)
at org.testng.internal.TestMethodWorker.run(TestMethodWorker.java:109)
at org.testng.TestRunner.privateRun(TestRunner.java:648)
at org.testng.TestRunner.run(TestRunner.java:505)
at org.testng.SuiteRunner.runTest(SuiteRunner.java:455)
at org.testng.SuiteRunner.access$000(SuiteRunner.java:40)
at org.testng.SuiteRunner$SuiteWorker.run(SuiteRunner.java:489)
at org.testng.internal.thread.ThreadUtil$1.call(ThreadUtil.java:52)
at java.util.concurrent.FutureTask.run(Unknown Source)
at java.util.concurrent.ThreadPoolExecutor.runWorker(Unknown Source)
at java.util.concurrent.ThreadPoolExecutor$Worker.run(Unknown Source)
at java.lang.Thread.run(Unknown Source)
]]>
            </full-stacktrace>
          </exception> <!-- java.lang.AssertionError -->
          <reporter-output>
          </reporter-output>
        </test-method> <!-- TC_011 -->
        <test-method status="PASS" signature="afterClass()[pri:0, instance:com.becow.testcases.UploadProductScripts@6a4f787b]" name="afterClass" is-config="true" duration-ms="726" started-at="2019-04-16T17:25:15Z" finished-at="2019-04-16T17:25:16Z">
          <reporter-output>
          </reporter-output>
        </test-method> <!-- afterClass -->
      </class> <!-- com.becow.testcases.UploadProductScripts -->
    </test> <!-- Login guru on Chrome -->
  </suite> <!-- Suite -->
</testng-results>
